Using pre-set license
Built from '2022.3/staging' branch; Version is '2022.3.22f1 (887be4894c44) revision 8944612'; Using compiler version '192829333'; Build Type 'Release'
OS: 'Windows 11  (10.0.22631) 64bit CoreSingleLanguage' Language: 'tr' Physical Memory: 16221 MB
BatchMode: 1, IsHumanControllingUs: 0, StartBugReporterOnCrash: 0, Is64bit: 1, IsPro: 1

COMMAND LINE ARGUMENTS:
C:\Program Files\Unity\Hub\Editor\2022.3.22f1\Editor\Unity.exe
-adb2
-batchMode
-noUpm
-name
AssetImportWorker9
-projectPath
D:/02 R端zgar Dosyalar/Github/Night-Watchman/Night Watchman
-logFile
Logs/AssetImportWorker9.log
-srvPort
49329
Successfully changed project path to: D:/02 R端zgar Dosyalar/Github/Night-Watchman/Night Watchman
D:/02 R端zgar Dosyalar/Github/Night-Watchman/Night Watchman
[UnityMemory] Configuration Parameters - Can be set up in boot.config
    "memorysetup-bucket-allocator-granularity=16"
    "memorysetup-bucket-allocator-bucket-count=8"
    "memorysetup-bucket-allocator-block-size=33554432"
    "memorysetup-bucket-allocator-block-count=8"
    "memorysetup-main-allocator-block-size=16777216"
    "memorysetup-thread-allocator-block-size=16777216"
    "memorysetup-gfx-main-allocator-block-size=16777216"
    "memorysetup-gfx-thread-allocator-block-size=16777216"
    "memorysetup-cache-allocator-block-size=4194304"
    "memorysetup-typetree-allocator-block-size=2097152"
    "memorysetup-profiler-bucket-allocator-granularity=16"
    "memorysetup-profiler-bucket-allocator-bucket-count=8"
    "memorysetup-profiler-bucket-allocator-block-size=33554432"
    "memorysetup-profiler-bucket-allocator-block-count=8"
    "memorysetup-profiler-allocator-block-size=16777216"
    "memorysetup-profiler-editor-allocator-block-size=1048576"
    "memorysetup-temp-allocator-size-main=16777216"
    "memorysetup-job-temp-allocator-block-size=2097152"
    "memorysetup-job-temp-allocator-block-size-background=1048576"
    "memorysetup-job-temp-allocator-reduction-small-platforms=262144"
    "memorysetup-allocator-temp-initial-block-size-main=262144"
    "memorysetup-allocator-temp-initial-block-size-worker=262144"
    "memorysetup-temp-allocator-size-background-worker=32768"
    "memorysetup-temp-allocator-size-job-worker=262144"
    "memorysetup-temp-allocator-size-preload-manager=33554432"
    "memorysetup-temp-allocator-size-nav-mesh-worker=65536"
    "memorysetup-temp-allocator-size-audio-worker=65536"
    "memorysetup-temp-allocator-size-cloud-worker=32768"
    "memorysetup-temp-allocator-size-gi-baking-worker=262144"
    "memorysetup-temp-allocator-size-gfx=262144"
Player connection [25324] Host "[IP] 192.168.1.114 [Port] 0 [Flags] 2 [Guid] 8710696 [EditorId] 8710696 [Version] 1048832 [Id] WindowsEditor(7,Tulpar) [Debug] 1 [PackageName] WindowsEditor [ProjectName] Editor" joined multi-casting on [225.0.0.222:54997]...

Player connection [25324] Host "[IP] 192.168.1.114 [Port] 0 [Flags] 2 [Guid] 8710696 [EditorId] 8710696 [Version] 1048832 [Id] WindowsEditor(7,Tulpar) [Debug] 1 [PackageName] WindowsEditor [ProjectName] Editor" joined alternative multi-casting on [225.0.0.222:34997]...

[Physics::Module] Initialized MultithreadedJobDispatcher with 11 workers.
Refreshing native plugins compatible for Editor in 13.48 ms, found 3 plugins.
Preloading 0 native plugins for Editor in 0.00 ms.
Initialize engine version: 2022.3.22f1 (887be4894c44)
[Subsystems] Discovering subsystems at path C:/Program Files/Unity/Hub/Editor/2022.3.22f1/Editor/Data/Resources/UnitySubsystems
[Subsystems] Discovering subsystems at path D:/02 R端zgar Dosyalar/Github/Night-Watchman/Night Watchman/Assets
GfxDevice: creating device client; threaded=0; jobified=0
Direct3D:
    Version:  Direct3D 11.0 [level 11.1]
    Renderer: NVIDIA GeForce RTX 3060 Laptop GPU (ID=0x2520)
    Vendor:   NVIDIA
    VRAM:     5996 MB
    Driver:   31.0.15.5212
Initialize mono
Mono path[0] = 'C:/Program Files/Unity/Hub/Editor/2022.3.22f1/Editor/Data/Managed'
Mono path[1] = 'C:/Program Files/Unity/Hub/Editor/2022.3.22f1/Editor/Data/MonoBleedingEdge/lib/mono/unityjit-win32'
Mono config path = 'C:/Program Files/Unity/Hub/Editor/2022.3.22f1/Editor/Data/MonoBleedingEdge/etc'
Using monoOptions --debugger-agent=transport=dt_socket,embedding=1,server=y,suspend=n,address=127.0.0.1:56960
Begin MonoManager ReloadAssembly
Registering precompiled unity dll's ...
Register platform support module: C:/Program Files/Unity/Hub/Editor/2022.3.22f1/Editor/Data/PlaybackEngines/WebGLSupport/UnityEditor.WebGL.Extensions.dll
Register platform support module: C:/Program Files/Unity/Hub/Editor/2022.3.22f1/Editor/Data/PlaybackEngines/AndroidPlayer/UnityEditor.Android.Extensions.dll
Register platform support module: C:/Program Files/Unity/Hub/Editor/2022.3.22f1/Editor/Data/PlaybackEngines/WindowsStandaloneSupport/UnityEditor.WindowsStandalone.Extensions.dll
Registered in 0.011926 seconds.
- Loaded All Assemblies, in  0.420 seconds
Native extension for WindowsStandalone target not found
Native extension for Android target not found
Android Extension - Scanning For ADB Devices 234 ms
Native extension for WebGL target not found
Mono: successfully reloaded assembly
- Finished resetting the current domain, in  0.534 seconds
Domain Reload Profiling: 952ms
	BeginReloadAssembly (128ms)
		ExecutionOrderSort (0ms)
		DisableScriptedObjects (0ms)
		BackupInstance (0ms)
		ReleaseScriptingObjects (0ms)
		CreateAndSetChildDomain (1ms)
	RebuildCommonClasses (54ms)
	RebuildNativeTypeToScriptingClass (18ms)
	initialDomainReloadingComplete (71ms)
	LoadAllAssembliesAndSetupDomain (146ms)
		LoadAssemblies (126ms)
		RebuildTransferFunctionScriptingTraits (0ms)
		AnalyzeDomain (144ms)
			TypeCache.Refresh (142ms)
				TypeCache.ScanAssembly (129ms)
			ScanForSourceGeneratedMonoScriptInfo (0ms)
			ResolveRequiredComponents (0ms)
	FinalizeReload (534ms)
		ReleaseScriptCaches (0ms)
		RebuildScriptCaches (0ms)
		SetupLoadedEditorAssemblies (482ms)
			LogAssemblyErrors (0ms)
			InitializePlatformSupportModulesInManaged (335ms)
			SetLoadedEditorAssemblies (3ms)
			RefreshPlugins (0ms)
			BeforeProcessingInitializeOnLoad (2ms)
			ProcessInitializeOnLoadAttributes (102ms)
			ProcessInitializeOnLoadMethodAttributes (40ms)
			AfterProcessingInitializeOnLoad (0ms)
			EditorAssembliesLoaded (0ms)
		ExecutionOrderSort2 (0ms)
		AwakeInstancesAfterBackupRestoration (0ms)
========================================================================
Worker process is ready to serve import requests
Begin MonoManager ReloadAssembly
- Loaded All Assemblies, in  0.700 seconds
Refreshing native plugins compatible for Editor in 3.41 ms, found 3 plugins.
Native extension for WindowsStandalone target not found
Native extension for Android target not found
Native extension for WebGL target not found
Package Manager log level set to [2]
[Package Manager] Server::EnsureServerProcessIsRunning -- launch failed, reason: Unity was launched with the -noUpm command-line argument
[Package Manager] UpmClient::Send -- Unable to send message (not connected to UPM process).
[Package Manager] Cannot connect to Unity Package Manager local server
Mono: successfully reloaded assembly
- Finished resetting the current domain, in  0.851 seconds
Domain Reload Profiling: 1549ms
	BeginReloadAssembly (135ms)
		ExecutionOrderSort (0ms)
		DisableScriptedObjects (5ms)
		BackupInstance (0ms)
		ReleaseScriptingObjects (0ms)
		CreateAndSetChildDomain (20ms)
	RebuildCommonClasses (33ms)
	RebuildNativeTypeToScriptingClass (10ms)
	initialDomainReloadingComplete (39ms)
	LoadAllAssembliesAndSetupDomain (481ms)
		LoadAssemblies (294ms)
		RebuildTransferFunctionScriptingTraits (0ms)
		AnalyzeDomain (264ms)
			TypeCache.Refresh (228ms)
				TypeCache.ScanAssembly (209ms)
			ScanForSourceGeneratedMonoScriptInfo (23ms)
			ResolveRequiredComponents (11ms)
	FinalizeReload (851ms)
		ReleaseScriptCaches (0ms)
		RebuildScriptCaches (0ms)
		SetupLoadedEditorAssemblies (676ms)
			LogAssemblyErrors (0ms)
			InitializePlatformSupportModulesInManaged (24ms)
			SetLoadedEditorAssemblies (3ms)
			RefreshPlugins (0ms)
			BeforeProcessingInitializeOnLoad (67ms)
			ProcessInitializeOnLoadAttributes (389ms)
			ProcessInitializeOnLoadMethodAttributes (185ms)
			AfterProcessingInitializeOnLoad (8ms)
			EditorAssembliesLoaded (0ms)
		ExecutionOrderSort2 (0ms)
		AwakeInstancesAfterBackupRestoration (6ms)
Launched and connected shader compiler UnityShaderCompiler.exe after 0.03 seconds
Refreshing native plugins compatible for Editor in 3.38 ms, found 3 plugins.
Preloading 0 native plugins for Editor in 0.00 ms.
Unloading 6225 Unused Serialized files (Serialized files now loaded: 0)
Unloading 99 unused Assets / (3.6 MB). Loaded Objects now: 6696.
Memory consumption went from 293.3 MB to 289.7 MB.
Total: 4.936700 ms (FindLiveObjects: 0.428000 ms CreateObjectMapping: 0.455000 ms MarkObjects: 3.371300 ms  DeleteObjects: 0.681500 ms)

AssetImportParameters requested are different than current active one (requested -> active):
  custom:container-demuxer-ogg: 62fdf1f143b41e24485cea50d1cbac27 -> 
  custom:scripting/monoscript/fileName/ShaderConfig.cs: 3af4ad9bd843c1d69e0cc638345d4d35 -> 435f7e007af0fde1e477434c0591a7c1
  custom:video-decoder-ogg-theora: a1e56fd34408186e4bbccfd4996cb3dc -> 
  custom:framework-win-MediaFoundation: 216162199b28c13a410421893ffa2e32 -> 
  custom:CustomObjectIndexerAttribute: 9a22284fe3817be447336de3de66b15e -> 
  custom:container-demuxer-webm: 4f35f7cbe854078d1ac9338744f61a02 -> 
  custom:container-muxer-webm: aa71ff27fc2769a1b78a27578f13a17b -> 
  custom:video-decoder-webm-vp8: 9c59270c3fd7afecdb556c50c9e8de78 -> 
  custom:SearchIndexIgnoredProperties: e643bd26f0fe6173181afceb89e7c659 -> 
  custom:AudioImporter_EditorPlatform: d09bf68614088b80899f8185d706f6e7 -> 
  custom:video-encoder-webm-vp8: eb34c28f22e8b96e1ab97ce403110664 -> 
  custom:audio-decoder-ogg-vorbis: bf7c407c2cedff20999df2af8eb42d56 -> 
  custom:audio-encoder-webm-vorbis: bf7c407c2cedff20999df2af8eb42d56 -> 
========================================================================
Received Import Request.
  Time since last request: 204669.102853 seconds.
  path: Assets/Frank_RPG_Gunslinger/Assets/Meshes/Akai_MAT.mat
  artifactKey: Guid(d461b08da08cdf4419c3003588c3f5cb) Importer(815301076,1909f56bfc062723c751e8b465ee728b)
Start importing Assets/Frank_RPG_Gunslinger/Assets/Meshes/Akai_MAT.mat using Guid(d461b08da08cdf4419c3003588c3f5cb) Importer(815301076,1909f56bfc062723c751e8b465ee728b)  -> (artifact id: '825556fc0c67f75d8d1ed19c815c3ada') in 0.989761 seconds
Number of updated asset objects reloaded before import = 0
Number of asset objects unloaded after import = 5
========================================================================
Received Import Request.
  Time since last request: 0.000048 seconds.
  path: Assets/Frank_RPG_Gunslinger/Assets/Materials/Frank_Gunslinger_Tan.mat
  artifactKey: Guid(c29ed48363a3387448f258c87938e098) Importer(2089858483,0ecaa5967403d082aa24f35e1b516d23)
Start importing Assets/Frank_RPG_Gunslinger/Assets/Materials/Frank_Gunslinger_Tan.mat using Guid(c29ed48363a3387448f258c87938e098) Importer(2089858483,0ecaa5967403d082aa24f35e1b516d23)  -> (artifact id: '244b7ed1336e6ed1b9f89c1222b7dc80') in 0.101055 seconds
Number of updated asset objects reloaded before import = 0
Number of asset objects unloaded after import = 1
========================================================================
Received Import Request.
  Time since last request: 8.930525 seconds.
  path: Assets/Adventure_Character/Mesh/Stand.obj
  artifactKey: Guid(3c301751d216fda459821781864ff346) Importer(815301076,1909f56bfc062723c751e8b465ee728b)
Start importing Assets/Adventure_Character/Mesh/Stand.obj using Guid(3c301751d216fda459821781864ff346) Importer(815301076,1909f56bfc062723c751e8b465ee728b)  -> (artifact id: '66231d1fbfc1ffbecd6e82a1c6d4b8a6') in 0.115250 seconds
Number of updated asset objects reloaded before import = 0
Number of asset objects unloaded after import = 11
========================================================================
Received Import Request.
  Time since last request: 0.000143 seconds.
  path: Assets/Frank_RPG_Gunslinger/Assets/Materials/Frank_Gunslinger_GunBlue.mat
  artifactKey: Guid(87c0eb1ea2df5404b9288434d4c0ead0) Importer(815301076,1909f56bfc062723c751e8b465ee728b)
Start importing Assets/Frank_RPG_Gunslinger/Assets/Materials/Frank_Gunslinger_GunBlue.mat using Guid(87c0eb1ea2df5404b9288434d4c0ead0) Importer(815301076,1909f56bfc062723c751e8b465ee728b)  -> (artifact id: '4c90be1bd7973da0dc589629341e5ee9') in 0.023255 seconds
Number of updated asset objects reloaded before import = 0
Number of asset objects unloaded after import = 1
========================================================================
Received Import Request.
  Time since last request: 0.000066 seconds.
  path: Assets/Frank_RPG_Gunslinger/Assets/Materials/Frank_Gunslinger_Shell_Color.mat
  artifactKey: Guid(4eb638a082546ea489bee26ebbd86878) Importer(815301076,1909f56bfc062723c751e8b465ee728b)
Start importing Assets/Frank_RPG_Gunslinger/Assets/Materials/Frank_Gunslinger_Shell_Color.mat using Guid(4eb638a082546ea489bee26ebbd86878) Importer(815301076,1909f56bfc062723c751e8b465ee728b)  -> (artifact id: 'b2ea2e80c2f0f5861a7a7773176a1f0b') in 0.021729 seconds
Number of updated asset objects reloaded before import = 0
Number of asset objects unloaded after import = 1
========================================================================
Received Import Request.
  Time since last request: 53.853767 seconds.
  path: Assets/Frank_RPG_Gunslinger/Assets/Meshes/No Name.mat
  artifactKey: Guid(a09189ed70aaba5499558d6f16f0cf40) Importer(815301076,1909f56bfc062723c751e8b465ee728b)
Start importing Assets/Frank_RPG_Gunslinger/Assets/Meshes/No Name.mat using Guid(a09189ed70aaba5499558d6f16f0cf40) Importer(815301076,1909f56bfc062723c751e8b465ee728b)  -> (artifact id: '6f3ca93bd7230bd975df7ff1f27353a4') in 0.033975 seconds
Number of updated asset objects reloaded before import = 0
Number of asset objects unloaded after import = 1
========================================================================
Received Import Request.
  Time since last request: 0.912127 seconds.
  path: Assets/Frank_RPG_Gunslinger/Assets/Meshes/No Name.mat
  artifactKey: Guid(a09189ed70aaba5499558d6f16f0cf40) Importer(2089858483,0ecaa5967403d082aa24f35e1b516d23)
Start importing Assets/Frank_RPG_Gunslinger/Assets/Meshes/No Name.mat using Guid(a09189ed70aaba5499558d6f16f0cf40) Importer(2089858483,0ecaa5967403d082aa24f35e1b516d23)  -> (artifact id: 'efaf073202d7ca0de6e49f773599dc0d') in 0.016769 seconds
Number of updated asset objects reloaded before import = 0
Number of asset objects unloaded after import = 1
========================================================================
Received Import Request.
  Time since last request: 13.773906 seconds.
  path: Assets/Frank_RPG_Gunslinger/Assets/Meshes/akai_diffuse.png
  artifactKey: Guid(35273e55ed412234786808221d36c089) Importer(815301076,1909f56bfc062723c751e8b465ee728b)
Start importing Assets/Frank_RPG_Gunslinger/Assets/Meshes/akai_diffuse.png using Guid(35273e55ed412234786808221d36c089) Importer(815301076,1909f56bfc062723c751e8b465ee728b)  -> (artifact id: 'b5ae62e70c0a9f65a2f7a3d76cac626c') in 0.032220 seconds
Number of updated asset objects reloaded before import = 0
Number of asset objects unloaded after import = 2
========================================================================
Received Import Request.
  Time since last request: 0.000053 seconds.
  path: Assets/Frank_RPG_Gunslinger/Assets/Meshes/akai_normal.png
  artifactKey: Guid(8e18d6664fb597a4794b8cd19ddea4fe) Importer(815301076,1909f56bfc062723c751e8b465ee728b)
Start importing Assets/Frank_RPG_Gunslinger/Assets/Meshes/akai_normal.png using Guid(8e18d6664fb597a4794b8cd19ddea4fe) Importer(815301076,1909f56bfc062723c751e8b465ee728b)  -> (artifact id: 'ce7d64b6c01e8423fb71050c157b7f0f') in 0.020629 seconds
Number of updated asset objects reloaded before import = 0
Number of asset objects unloaded after import = 2
========================================================================
Received Import Request.
  Time since last request: 0.838251 seconds.
  path: Assets/Frank_RPG_Gunslinger/Assets/Meshes/akai_diffuse.png
  artifactKey: Guid(35273e55ed412234786808221d36c089) Importer(2089858483,0ecaa5967403d082aa24f35e1b516d23)
Start importing Assets/Frank_RPG_Gunslinger/Assets/Meshes/akai_diffuse.png using Guid(35273e55ed412234786808221d36c089) Importer(2089858483,0ecaa5967403d082aa24f35e1b516d23)  -> (artifact id: 'c27366707943d7cf7e9fb1c9c3cca27b') in 0.040661 seconds
Number of updated asset objects reloaded before import = 0
Number of asset objects unloaded after import = 1
